<?xml version="1.0" encoding="UTF-8"?>
<!-- Generated by org.testng.reporters.JUnitReportReporter -->
<testsuite hostname="DESKTOP-KQPSNP9" failures="0" tests="1" name="ci.ci.test1" time="16.080" errors="0" timestamp="2024-02-02T10:47:21 IST" skipped="0">
  <testcase classname="ci.ci.test1" name="testcase3" time="16.080"/>
</testsuite> <!-- ci.ci.test1 -->
