<?xml version="1.0" encoding="UTF-8"?>
<!-- Generated by org.testng.reporters.JUnitReportReporter -->
<testsuite hostname="DESKTOP-KQPSNP9" failures="0" tests="1" name="ci.ci.facebook2" time="7.714" errors="0" timestamp="2024-02-02T12:48:04 IST" skipped="0">
  <testcase classname="ci.ci.facebook2" name="test3" time="7.714"/>
</testsuite> <!-- ci.ci.facebook2 -->
