<?xml version="1.0" encoding="UTF-8"?>
<!-- Generated by org.testng.reporters.JUnitReportReporter -->
<testsuite hostname="DESKTOP-KQPSNP9" failures="0" tests="1" name="interview_problums.BEFOREMETHER" time="0.017" errors="0" timestamp="2024-02-05T16:59:23 IST" skipped="0">
  <testcase classname="interview_problums.BEFOREMETHER" name="tstone" time="0.017"/>
</testsuite> <!-- interview_problums.BEFOREMETHER -->
