<?xml version="1.0" encoding="UTF-8"?>
<!-- Generated by org.testng.reporters.JUnitReportReporter -->
<testsuite hostname="DESKTOP-KQPSNP9" failures="0" tests="1" name="ci.ci.facebook" time="77.081" errors="0" timestamp="2024-02-02T13:27:58 IST" skipped="0">
  <testcase classname="ci.ci.facebook" name="facebook1" time="77.081"/>
</testsuite> <!-- ci.ci.facebook -->
