<?xml version="1.0" encoding="UTF-8"?>
<!-- Generated by org.testng.reporters.JUnitReportReporter -->
<testsuite hostname="DESKTOP-KQPSNP9" failures="0" tests="1" name="ci.ci.test3" time="15.637" errors="0" timestamp="2024-02-02T10:46:07 IST" skipped="0">
  <testcase classname="ci.ci.test3" name="case3" time="15.637"/>
</testsuite> <!-- ci.ci.test3 -->
