<?xml version="1.0" encoding="UTF-8"?>
<!-- Generated by org.testng.reporters.JUnitReportReporter -->
<testsuite hostname="DESKTOP-KQPSNP9" failures="0" tests="1" name="ci.ci.newone" time="15.311" errors="0" timestamp="2024-02-02T10:46:07 IST" skipped="0">
  <testcase classname="ci.ci.newone" name="tst1" time="15.311"/>
</testsuite> <!-- ci.ci.newone -->
